{"/home/kali/PayPark/backend/src/app.js": {"path":"/home/kali/PayPark/backend/src/app.js","statementMap":{"0":{"start":{"line":4,"column":21},"end":{"line":4,"column":39}},"1":{"start":{"line":5,"column":21},"end":{"line":5,"column":38}},"2":{"start":{"line":6,"column":21},"end":{"line":6,"column":36}},"3":{"start":{"line":7,"column":21},"end":{"line":7,"column":38}},"4":{"start":{"line":8,"column":21},"end":{"line":8,"column":50}},"5":{"start":{"line":9,"column":21},"end":{"line":9,"column":57}},"6":{"start":{"line":11,"column":12},"end":{"line":11,"column":21}},"7":{"start":{"line":14,"column":0},"end":{"line":14,"column":26}},"8":{"start":{"line":15,"column":0},"end":{"line":15,"column":18}},"9":{"start":{"line":16,"column":0},"end":{"line":16,"column":16}},"10":{"start":{"line":17,"column":0},"end":{"line":17,"column":24}},"11":{"start":{"line":21,"column":0},"end":{"line":21,"column":76}},"12":{"start":{"line":24,"column":0},"end":{"line":36,"column":2}},"13":{"start":{"line":39,"column":0},"end":{"line":39,"column":54}},"14":{"start":{"line":40,"column":0},"end":{"line":40,"column":52}},"15":{"start":{"line":41,"column":0},"end":{"line":41,"column":56}},"16":{"start":{"line":42,"column":0},"end":{"line":42,"column":55}},"17":{"start":{"line":45,"column":0},"end":{"line":47,"column":2}},"18":{"start":{"line":46,"column":2},"end":{"line":46,"column":77}},"19":{"start":{"line":50,"column":0},"end":{"line":50,"column":22}},"20":{"start":{"line":52,"column":0},"end":{"line":52,"column":21}}},"fnMap":{"0":{"name":"(anonymous_0)","decl":{"start":{"line":45,"column":8},"end":{"line":45,"column":9}},"loc":{"start":{"line":46,"column":2},"end":{"line":46,"column":77}},"line":46}},"branchMap":{"0":{"loc":{"start":{"line":21,"column":15},"end":{"line":21,"column":73}},"type":"cond-expr","locations":[{"start":{"line":21,"column":55},"end":{"line":21,"column":65}},{"start":{"line":21,"column":68},"end":{"line":21,"column":73}}],"line":21}},"s":{"0":1,"1":1,"2":1,"3":1,"4":1,"5":1,"6":1,"7":1,"8":1,"9":1,"10":1,"11":1,"12":1,"13":1,"14":1,"15":1,"16":1,"17":1,"18":0,"19":1,"20":1},"f":{"0":0},"b":{"0":[0,1]},"_coverageSchema":"1a1c01bbd47fc00a2c39e90264f33305004495a9","hash":"92f7d356a0c8822debc9ddcb6a004e6e82fdcd00"}
,"/home/kali/PayPark/backend/src/server.js": {"path":"/home/kali/PayPark/backend/src/server.js","statementMap":{"0":{"start":{"line":3,"column":15},"end":{"line":3,"column":31}},"1":{"start":{"line":4,"column":15},"end":{"line":4,"column":34}},"2":{"start":{"line":5,"column":15},"end":{"line":5,"column":38}},"3":{"start":{"line":9,"column":2},"end":{"line":9,"column":26}},"4":{"start":{"line":10,"column":2},"end":{"line":10,"column":39}},"5":{"start":{"line":12,"column":17},"end":{"line":14,"column":4}},"6":{"start":{"line":13,"column":4},"end":{"line":13,"column":80}},"7":{"start":{"line":17,"column":19},"end":{"line":24,"column":3}},"8":{"start":{"line":18,"column":4},"end":{"line":18,"column":70}},"9":{"start":{"line":19,"column":4},"end":{"line":23,"column":7}},"10":{"start":{"line":20,"column":6},"end":{"line":20,"column":33}},"11":{"start":{"line":21,"column":6},"end":{"line":21,"column":49}},"12":{"start":{"line":22,"column":6},"end":{"line":22,"column":22}},"13":{"start":{"line":26,"column":2},"end":{"line":26,"column":51}},"14":{"start":{"line":26,"column":30},"end":{"line":26,"column":49}},"15":{"start":{"line":27,"column":2},"end":{"line":27,"column":50}},"16":{"start":{"line":27,"column":30},"end":{"line":27,"column":48}},"17":{"start":{"line":30,"column":0},"end":{"line":33,"column":3}},"18":{"start":{"line":31,"column":2},"end":{"line":31,"column":50}},"19":{"start":{"line":32,"column":2},"end":{"line":32,"column":18}}},"fnMap":{"0":{"name":"start","decl":{"start":{"line":7,"column":15},"end":{"line":7,"column":20}},"loc":{"start":{"line":7,"column":23},"end":{"line":28,"column":1}},"line":7},"1":{"name":"(anonymous_1)","decl":{"start":{"line":12,"column":38},"end":{"line":12,"column":39}},"loc":{"start":{"line":12,"column":44},"end":{"line":14,"column":3}},"line":12},"2":{"name":"(anonymous_2)","decl":{"start":{"line":17,"column":19},"end":{"line":17,"column":20}},"loc":{"start":{"line":17,"column":37},"end":{"line":24,"column":3}},"line":17},"3":{"name":"(anonymous_3)","decl":{"start":{"line":19,"column":17},"end":{"line":19,"column":18}},"loc":{"start":{"line":19,"column":29},"end":{"line":23,"column":5}},"line":19},"4":{"name":"(anonymous_4)","decl":{"start":{"line":26,"column":24},"end":{"line":26,"column":25}},"loc":{"start":{"line":26,"column":30},"end":{"line":26,"column":49}},"line":26},"5":{"name":"(anonymous_5)","decl":{"start":{"line":27,"column":24},"end":{"line":27,"column":25}},"loc":{"start":{"line":27,"column":30},"end":{"line":27,"column":48}},"line":27},"6":{"name":"(anonymous_6)","decl":{"start":{"line":30,"column":14},"end":{"line":30,"column":15}},"loc":{"start":{"line":30,"column":23},"end":{"line":33,"column":1}},"line":30}},"branchMap":{},"s":{"0":0,"1":0,"2":0,"3":0,"4":0,"5":0,"6":0,"7":0,"8":0,"9":0,"10":0,"11":0,"12":0,"13":0,"14":0,"15":0,"16":0,"17":0,"18":0,"19":0},"f":{"0":0,"1":0,"2":0,"3":0,"4":0,"5":0,"6":0},"b":{}}
,"/home/kali/PayPark/backend/src/config/index.js": {"path":"/home/kali/PayPark/backend/src/config/index.js","statementMap":{"0":{"start":{"line":5,"column":0},"end":{"line":5,"column":27}},"1":{"start":{"line":8,"column":14},"end":{"line":8,"column":30}},"2":{"start":{"line":9,"column":2},"end":{"line":11,"column":3}},"3":{"start":{"line":10,"column":4},"end":{"line":10,"column":69}},"4":{"start":{"line":12,"column":2},"end":{"line":12,"column":19}},"5":{"start":{"line":15,"column":12},"end":{"line":83,"column":1}},"6":{"start":{"line":44,"column":16},"end":{"line":44,"column":24}},"7":{"start":{"line":86,"column":0},"end":{"line":92,"column":1}},"8":{"start":{"line":87,"column":2},"end":{"line":87,"column":25}},"9":{"start":{"line":88,"column":2},"end":{"line":88,"column":27}},"10":{"start":{"line":89,"column":2},"end":{"line":89,"column":35}},"11":{"start":{"line":90,"column":2},"end":{"line":90,"column":25}},"12":{"start":{"line":91,"column":2},"end":{"line":91,"column":29}},"13":{"start":{"line":94,"column":0},"end":{"line":94,"column":21}}},"fnMap":{"0":{"name":"required","decl":{"start":{"line":7,"column":9},"end":{"line":7,"column":17}},"loc":{"start":{"line":7,"column":23},"end":{"line":13,"column":1}},"line":7},"1":{"name":"(anonymous_1)","decl":{"start":{"line":44,"column":9},"end":{"line":44,"column":10}},"loc":{"start":{"line":44,"column":16},"end":{"line":44,"column":24}},"line":44}},"branchMap":{"0":{"loc":{"start":{"line":9,"column":2},"end":{"line":11,"column":3}},"type":"if","locations":[{"start":{"line":9,"column":2},"end":{"line":11,"column":3}},{"start":{},"end":{}}],"line":9},"1":{"loc":{"start":{"line":9,"column":6},"end":{"line":9,"column":51}},"type":"binary-expr","locations":[{"start":{"line":9,"column":6},"end":{"line":9,"column":10}},{"start":{"line":9,"column":14},"end":{"line":9,"column":51}}],"line":9},"2":{"loc":{"start":{"line":12,"column":9},"end":{"line":12,"column":18}},"type":"binary-expr","locations":[{"start":{"line":12,"column":9},"end":{"line":12,"column":12}},{"start":{"line":12,"column":16},"end":{"line":12,"column":18}}],"line":12},"3":{"loc":{"start":{"line":17,"column":16},"end":{"line":17,"column":59}},"type":"binary-expr","locations":[{"start":{"line":17,"column":16},"end":{"line":17,"column":36}},{"start":{"line":17,"column":46},"end":{"line":17,"column":59}}],"line":17},"4":{"loc":{"start":{"line":18,"column":25},"end":{"line":18,"column":52}},"type":"binary-expr","locations":[{"start":{"line":18,"column":25},"end":{"line":18,"column":41}},{"start":{"line":18,"column":46},"end":{"line":18,"column":52}}],"line":18},"5":{"loc":{"start":{"line":22,"column":16},"end":{"line":22,"column":69}},"type":"binary-expr","locations":[{"start":{"line":22,"column":16},"end":{"line":22,"column":41}},{"start":{"line":22,"column":46},"end":{"line":22,"column":69}}],"line":22},"6":{"loc":{"start":{"line":28,"column":12},"end":{"line":30,"column":45}},"type":"binary-expr","locations":[{"start":{"line":28,"column":12},"end":{"line":28,"column":34}},{"start":{"line":29,"column":12},"end":{"line":29,"column":34}},{"start":{"line":30,"column":12},"end":{"line":30,"column":45}}],"line":28},"7":{"loc":{"start":{"line":33,"column":22},"end":{"line":34,"column":79}},"type":"binary-expr","locations":[{"start":{"line":33,"column":22},"end":{"line":33,"column":55}},{"start":{"line":34,"column":22},"end":{"line":34,"column":79}}],"line":33},"8":{"loc":{"start":{"line":34,"column":25},"end":{"line":34,"column":76}},"type":"binary-expr","locations":[{"start":{"line":34,"column":25},"end":{"line":34,"column":70}},{"start":{"line":34,"column":74},"end":{"line":34,"column":76}}],"line":34},"9":{"loc":{"start":{"line":36,"column":22},"end":{"line":37,"column":76}},"type":"binary-expr","locations":[{"start":{"line":36,"column":22},"end":{"line":36,"column":56}},{"start":{"line":37,"column":22},"end":{"line":37,"column":76}}],"line":36},"10":{"loc":{"start":{"line":37,"column":25},"end":{"line":37,"column":73}},"type":"binary-expr","locations":[{"start":{"line":37,"column":25},"end":{"line":37,"column":68}},{"start":{"line":37,"column":72},"end":{"line":37,"column":73}}],"line":37},"11":{"loc":{"start":{"line":42,"column":16},"end":{"line":42,"column":75}},"type":"binary-expr","locations":[{"start":{"line":42,"column":16},"end":{"line":42,"column":48}},{"start":{"line":42,"column":52},"end":{"line":42,"column":75}}],"line":42},"12":{"loc":{"start":{"line":51,"column":6},"end":{"line":53,"column":13}},"type":"binary-expr","locations":[{"start":{"line":51,"column":6},"end":{"line":51,"column":42}},{"start":{"line":52,"column":9},"end":{"line":52,"column":46}},{"start":{"line":53,"column":9},"end":{"line":53,"column":13}}],"line":51},"13":{"loc":{"start":{"line":56,"column":29},"end":{"line":56,"column":73}},"type":"binary-expr","locations":[{"start":{"line":56,"column":29},"end":{"line":56,"column":65}},{"start":{"line":56,"column":69},"end":{"line":56,"column":73}}],"line":56},"14":{"loc":{"start":{"line":61,"column":28},"end":{"line":61,"column":76}},"type":"binary-expr","locations":[{"start":{"line":61,"column":28},"end":{"line":61,"column":69}},{"start":{"line":61,"column":73},"end":{"line":61,"column":76}}],"line":61},"15":{"loc":{"start":{"line":65,"column":12},"end":{"line":65,"column":41}},"type":"binary-expr","locations":[{"start":{"line":65,"column":12},"end":{"line":65,"column":33}},{"start":{"line":65,"column":37},"end":{"line":65,"column":41}}],"line":65},"16":{"loc":{"start":{"line":69,"column":14},"end":{"line":69,"column":51}},"type":"binary-expr","locations":[{"start":{"line":69,"column":14},"end":{"line":69,"column":37}},{"start":{"line":69,"column":42},"end":{"line":69,"column":51}}],"line":69},"17":{"loc":{"start":{"line":70,"column":14},"end":{"line":70,"column":44}},"type":"binary-expr","locations":[{"start":{"line":70,"column":14},"end":{"line":70,"column":36}},{"start":{"line":70,"column":42},"end":{"line":70,"column":44}}],"line":70},"18":{"loc":{"start":{"line":71,"column":14},"end":{"line":71,"column":52}},"type":"binary-expr","locations":[{"start":{"line":71,"column":14},"end":{"line":71,"column":38}},{"start":{"line":71,"column":42},"end":{"line":71,"column":52}}],"line":71},"19":{"loc":{"start":{"line":77,"column":15},"end":{"line":77,"column":47}},"type":"binary-expr","locations":[{"start":{"line":77,"column":15},"end":{"line":77,"column":41}},{"start":{"line":77,"column":45},"end":{"line":77,"column":47}}],"line":77},"20":{"loc":{"start":{"line":78,"column":15},"end":{"line":78,"column":69}},"type":"binary-expr","locations":[{"start":{"line":78,"column":15},"end":{"line":78,"column":37}},{"start":{"line":78,"column":45},"end":{"line":78,"column":69}}],"line":78},"21":{"loc":{"start":{"line":82,"column":20},"end":{"line":82,"column":60}},"type":"binary-expr","locations":[{"start":{"line":82,"column":20},"end":{"line":82,"column":54}},{"start":{"line":82,"column":58},"end":{"line":82,"column":60}}],"line":82},"22":{"loc":{"start":{"line":86,"column":0},"end":{"line":92,"column":1}},"type":"if","locations":[{"start":{"line":86,"column":0},"end":{"line":92,"column":1}},{"start":{},"end":{}}],"line":86}},"s":{"0":1,"1":0,"2":0,"3":0,"4":0,"5":1,"6":3,"7":1,"8":0,"9":0,"10":0,"11":0,"12":0,"13":1},"f":{"0":0,"1":3},"b":{"0":[0,0],"1":[0,0],"2":[0,0],"3":[1,0],"4":[1,1],"5":[1,0],"6":[1,0,0],"7":[1,1],"8":[1,0],"9":[1,1],"10":[1,0],"11":[1,0],"12":[1,0,0],"13":[1,0],"14":[1,0],"15":[1,0],"16":[1,0],"17":[1,0],"18":[1,0],"19":[1,0],"20":[1,0],"21":[1,0],"22":[0,1]},"_coverageSchema":"1a1c01bbd47fc00a2c39e90264f33305004495a9","hash":"a187f0dc29c808f6adaff5a6a30d1a6c66fe7e35"}
,"/home/kali/PayPark/backend/src/lib/audit.js": {"path":"/home/kali/PayPark/backend/src/lib/audit.js","statementMap":{"0":{"start":{"line":5,"column":15},"end":{"line":5,"column":34}},"1":{"start":{"line":7,"column":16},"end":{"line":17,"column":1}},"2":{"start":{"line":31,"column":86},"end":{"line":31,"column":90}},"3":{"start":{"line":33,"column":18},"end":{"line":33,"column":22}},"4":{"start":{"line":34,"column":18},"end":{"line":34,"column":20}},"5":{"start":{"line":35,"column":2},"end":{"line":39,"column":3}},"6":{"start":{"line":36,"column":22},"end":{"line":36,"column":52}},"7":{"start":{"line":37,"column":4},"end":{"line":37,"column":78}},"8":{"start":{"line":38,"column":4},"end":{"line":38,"column":70}},"9":{"start":{"line":41,"column":2},"end":{"line":56,"column":3}},"10":{"start":{"line":42,"column":4},"end":{"line":53,"column":7}},"11":{"start":{"line":59,"column":0},"end":{"line":59,"column":28}},"12":{"start":{"line":61,"column":0},"end":{"line":61,"column":27}}},"fnMap":{"0":{"name":"logAction","decl":{"start":{"line":30,"column":15},"end":{"line":30,"column":24}},"loc":{"start":{"line":30,"column":53},"end":{"line":57,"column":1}},"line":30}},"branchMap":{"0":{"loc":{"start":{"line":30,"column":42},"end":{"line":30,"column":51}},"type":"default-arg","locations":[{"start":{"line":30,"column":49},"end":{"line":30,"column":51}}],"line":30},"1":{"loc":{"start":{"line":31,"column":10},"end":{"line":31,"column":26}},"type":"default-arg","locations":[{"start":{"line":31,"column":24},"end":{"line":31,"column":26}}],"line":31},"2":{"loc":{"start":{"line":31,"column":28},"end":{"line":31,"column":46}},"type":"default-arg","locations":[{"start":{"line":31,"column":44},"end":{"line":31,"column":46}}],"line":31},"3":{"loc":{"start":{"line":31,"column":48},"end":{"line":31,"column":59}},"type":"default-arg","locations":[{"start":{"line":31,"column":57},"end":{"line":31,"column":59}}],"line":31},"4":{"loc":{"start":{"line":31,"column":61},"end":{"line":31,"column":71}},"type":"default-arg","locations":[{"start":{"line":31,"column":67},"end":{"line":31,"column":71}}],"line":31},"5":{"loc":{"start":{"line":35,"column":2},"end":{"line":39,"column":3}},"type":"if","locations":[{"start":{"line":35,"column":2},"end":{"line":39,"column":3}},{"start":{},"end":{}}],"line":35},"6":{"loc":{"start":{"line":37,"column":16},"end":{"line":37,"column":77}},"type":"cond-expr","locations":[{"start":{"line":37,"column":28},"end":{"line":37,"column":58}},{"start":{"line":37,"column":62},"end":{"line":37,"column":76}}],"line":37},"7":{"loc":{"start":{"line":37,"column":62},"end":{"line":37,"column":76}},"type":"binary-expr","locations":[{"start":{"line":37,"column":62},"end":{"line":37,"column":68}},{"start":{"line":37,"column":72},"end":{"line":37,"column":76}}],"line":37},"8":{"loc":{"start":{"line":38,"column":23},"end":{"line":38,"column":54}},"type":"binary-expr","locations":[{"start":{"line":38,"column":23},"end":{"line":38,"column":48}},{"start":{"line":38,"column":52},"end":{"line":38,"column":54}}],"line":38},"9":{"loc":{"start":{"line":44,"column":23},"end":{"line":44,"column":42}},"type":"binary-expr","locations":[{"start":{"line":44,"column":23},"end":{"line":44,"column":34}},{"start":{"line":44,"column":38},"end":{"line":44,"column":42}}],"line":44}},"s":{"0":1,"1":1,"2":0,"3":0,"4":0,"5":0,"6":0,"7":0,"8":0,"9":0,"10":0,"11":1,"12":1},"f":{"0":0},"b":{"0":[0],"1":[0],"2":[0],"3":[0],"4":[0],"5":[0,0],"6":[0,0],"7":[0,0],"8":[0,0],"9":[0,0]},"_coverageSchema":"1a1c01bbd47fc00a2c39e90264f33305004495a9","hash":"4c02140ce75901ebd3d78b596fc78ce4151e1ed9"}
,"/home/kali/PayPark/backend/src/lib/controlNumber.js": {"path":"/home/kali/PayPark/backend/src/lib/controlNumber.js","statementMap":{"0":{"start":{"line":2,"column":15},"end":{"line":2,"column":34}},"1":{"start":{"line":15,"column":17},"end":{"line":15,"column":72}},"2":{"start":{"line":16,"column":17},"end":{"line":16,"column":55}},"3":{"start":{"line":17,"column":17},"end":{"line":20,"column":12}},"4":{"start":{"line":19,"column":10},"end":{"line":19,"column":57}},"5":{"start":{"line":21,"column":2},"end":{"line":21,"column":33}},"6":{"start":{"line":37,"column":2},"end":{"line":47,"column":5}},"7":{"start":{"line":50,"column":0},"end":{"line":50,"column":66}}},"fnMap":{"0":{"name":"generateControlNumber","decl":{"start":{"line":14,"column":9},"end":{"line":14,"column":30}},"loc":{"start":{"line":14,"column":33},"end":{"line":22,"column":1}},"line":14},"1":{"name":"(anonymous_1)","decl":{"start":{"line":19,"column":4},"end":{"line":19,"column":5}},"loc":{"start":{"line":19,"column":10},"end":{"line":19,"column":57}},"line":19},"2":{"name":"getActiveBillForPlate","decl":{"start":{"line":36,"column":15},"end":{"line":36,"column":36}},"loc":{"start":{"line":36,"column":50},"end":{"line":48,"column":1}},"line":36}},"branchMap":{},"s":{"0":1,"1":0,"2":0,"3":0,"4":0,"5":0,"6":0,"7":1},"f":{"0":0,"1":0,"2":0},"b":{},"_coverageSchema":"1a1c01bbd47fc00a2c39e90264f33305004495a9","hash":"3fdcbc1ab8736145ca56c8188c242d4b20645339"}
,"/home/kali/PayPark/backend/src/lib/jwt.js": {"path":"/home/kali/PayPark/backend/src/lib/jwt.js","statementMap":{"0":{"start":{"line":5,"column":24},"end":{"line":5,"column":47}},"1":{"start":{"line":6,"column":23},"end":{"line":6,"column":38}},"2":{"start":{"line":7,"column":24},"end":{"line":7,"column":44}},"3":{"start":{"line":8,"column":24},"end":{"line":8,"column":43}},"4":{"start":{"line":16,"column":2},"end":{"line":25,"column":4}},"5":{"start":{"line":34,"column":14},"end":{"line":34,"column":22}},"6":{"start":{"line":35,"column":16},"end":{"line":39,"column":3}},"7":{"start":{"line":40,"column":2},"end":{"line":40,"column":24}},"8":{"start":{"line":49,"column":2},"end":{"line":49,"column":43}},"9":{"start":{"line":58,"column":2},"end":{"line":60,"column":5}},"10":{"start":{"line":69,"column":16},"end":{"line":69,"column":76}},"11":{"start":{"line":70,"column":2},"end":{"line":70,"column":24}},"12":{"start":{"line":73,"column":0},"end":{"line":73,"column":79}}},"fnMap":{"0":{"name":"signAccess","decl":{"start":{"line":15,"column":9},"end":{"line":15,"column":19}},"loc":{"start":{"line":15,"column":29},"end":{"line":26,"column":1}},"line":15},"1":{"name":"signRefresh","decl":{"start":{"line":33,"column":9},"end":{"line":33,"column":20}},"loc":{"start":{"line":33,"column":30},"end":{"line":41,"column":1}},"line":33},"2":{"name":"verify","decl":{"start":{"line":48,"column":9},"end":{"line":48,"column":15}},"loc":{"start":{"line":48,"column":23},"end":{"line":50,"column":1}},"line":48},"3":{"name":"blacklist","decl":{"start":{"line":57,"column":15},"end":{"line":57,"column":24}},"loc":{"start":{"line":57,"column":41},"end":{"line":61,"column":1}},"line":57},"4":{"name":"isBlacklisted","decl":{"start":{"line":68,"column":15},"end":{"line":68,"column":28}},"loc":{"start":{"line":68,"column":34},"end":{"line":71,"column":1}},"line":68}},"branchMap":{},"s":{"0":1,"1":1,"2":1,"3":1,"4":0,"5":0,"6":0,"7":0,"8":0,"9":0,"10":0,"11":0,"12":1},"f":{"0":0,"1":0,"2":0,"3":0,"4":0},"b":{},"_coverageSchema":"1a1c01bbd47fc00a2c39e90264f33305004495a9","hash":"d3ab055d5467e6db43b87876aedadb958e608e8b"}
,"/home/kali/PayPark/backend/src/lib/prisma.js": {"path":"/home/kali/PayPark/backend/src/lib/prisma.js","statementMap":{"0":{"start":{"line":4,"column":25},"end":{"line":4,"column":50}},"1":{"start":{"line":6,"column":15},"end":{"line":10,"column":2}},"2":{"start":{"line":12,"column":0},"end":{"line":12,"column":24}}},"fnMap":{},"branchMap":{"0":{"loc":{"start":{"line":7,"column":7},"end":{"line":9,"column":15}},"type":"cond-expr","locations":[{"start":{"line":8,"column":6},"end":{"line":8,"column":32}},{"start":{"line":9,"column":6},"end":{"line":9,"column":15}}],"line":7}},"s":{"0":1,"1":1,"2":1},"f":{},"b":{"0":[0,1]},"_coverageSchema":"1a1c01bbd47fc00a2c39e90264f33305004495a9","hash":"be808ec32d7ddbf903b94f019b561cb5730ca325"}
,"/home/kali/PayPark/backend/src/middleware/auth.js": {"path":"/home/kali/PayPark/backend/src/middleware/auth.js","statementMap":{"0":{"start":{"line":2,"column":20},"end":{"line":2,"column":41}},"1":{"start":{"line":3,"column":20},"end":{"line":3,"column":44}},"2":{"start":{"line":12,"column":17},"end":{"line":12,"column":51}},"3":{"start":{"line":13,"column":17},"end":{"line":13,"column":77}},"4":{"start":{"line":15,"column":2},"end":{"line":17,"column":3}},"5":{"start":{"line":16,"column":4},"end":{"line":16,"column":89}},"6":{"start":{"line":19,"column":2},"end":{"line":35,"column":3}},"7":{"start":{"line":20,"column":20},"end":{"line":20,"column":33}},"8":{"start":{"line":22,"column":20},"end":{"line":25,"column":6}},"9":{"start":{"line":27,"column":4},"end":{"line":29,"column":5}},"10":{"start":{"line":28,"column":6},"end":{"line":28,"column":103}},"11":{"start":{"line":31,"column":4},"end":{"line":31,"column":26}},"12":{"start":{"line":32,"column":4},"end":{"line":32,"column":18}},"13":{"start":{"line":34,"column":4},"end":{"line":34,"column":96}},"14":{"start":{"line":47,"column":2},"end":{"line":52,"column":4}},"15":{"start":{"line":48,"column":4},"end":{"line":50,"column":5}},"16":{"start":{"line":49,"column":6},"end":{"line":49,"column":95}},"17":{"start":{"line":51,"column":4},"end":{"line":51,"column":18}},"18":{"start":{"line":55,"column":21},"end":{"line":55,"column":55}},"19":{"start":{"line":56,"column":21},"end":{"line":56,"column":41}},"20":{"start":{"line":58,"column":0},"end":{"line":58,"column":70}}},"fnMap":{"0":{"name":"authenticate","decl":{"start":{"line":11,"column":15},"end":{"line":11,"column":27}},"loc":{"start":{"line":11,"column":44},"end":{"line":36,"column":1}},"line":11},"1":{"name":"requireRole","decl":{"start":{"line":46,"column":9},"end":{"line":46,"column":20}},"loc":{"start":{"line":46,"column":31},"end":{"line":53,"column":1}},"line":46},"2":{"name":"(anonymous_2)","decl":{"start":{"line":47,"column":9},"end":{"line":47,"column":10}},"loc":{"start":{"line":47,"column":29},"end":{"line":52,"column":3}},"line":47}},"branchMap":{"0":{"loc":{"start":{"line":12,"column":17},"end":{"line":12,"column":51}},"type":"binary-expr","locations":[{"start":{"line":12,"column":17},"end":{"line":12,"column":45}},{"start":{"line":12,"column":49},"end":{"line":12,"column":51}}],"line":12},"1":{"loc":{"start":{"line":13,"column":17},"end":{"line":13,"column":77}},"type":"cond-expr","locations":[{"start":{"line":13,"column":48},"end":{"line":13,"column":70}},{"start":{"line":13,"column":73},"end":{"line":13,"column":77}}],"line":13},"2":{"loc":{"start":{"line":15,"column":2},"end":{"line":17,"column":3}},"type":"if","locations":[{"start":{"line":15,"column":2},"end":{"line":17,"column":3}},{"start":{},"end":{}}],"line":15},"3":{"loc":{"start":{"line":27,"column":4},"end":{"line":29,"column":5}},"type":"if","locations":[{"start":{"line":27,"column":4},"end":{"line":29,"column":5}},{"start":{},"end":{}}],"line":27},"4":{"loc":{"start":{"line":27,"column":8},"end":{"line":27,"column":37}},"type":"binary-expr","locations":[{"start":{"line":27,"column":8},"end":{"line":27,"column":16}},{"start":{"line":27,"column":20},"end":{"line":27,"column":37}}],"line":27},"5":{"loc":{"start":{"line":48,"column":4},"end":{"line":50,"column":5}},"type":"if","locations":[{"start":{"line":48,"column":4},"end":{"line":50,"column":5}},{"start":{},"end":{}}],"line":48},"6":{"loc":{"start":{"line":48,"column":8},"end":{"line":48,"column":57}},"type":"binary-expr","locations":[{"start":{"line":48,"column":8},"end":{"line":48,"column":20}},{"start":{"line":48,"column":24},"end":{"line":48,"column":57}}],"line":48}},"s":{"0":1,"1":1,"2":0,"3":0,"4":0,"5":0,"6":0,"7":0,"8":0,"9":0,"10":0,"11":0,"12":0,"13":0,"14":2,"15":0,"16":0,"17":0,"18":1,"19":1,"20":1},"f":{"0":0,"1":2,"2":0},"b":{"0":[0,0],"1":[0,0],"2":[0,0],"3":[0,0],"4":[0,0],"5":[0,0],"6":[0,0]},"_coverageSchema":"1a1c01bbd47fc00a2c39e90264f33305004495a9","hash":"312d21cee4d3f0be7dd330727ef568d6d9f3284f"}
,"/home/kali/PayPark/backend/src/middleware/errorHandler.js": {"path":"/home/kali/PayPark/backend/src/middleware/errorHandler.js","statementMap":{"0":{"start":{"line":5,"column":17},"end":{"line":5,"column":52}},"1":{"start":{"line":6,"column":17},"end":{"line":6,"column":45}},"2":{"start":{"line":7,"column":17},"end":{"line":7,"column":63}},"3":{"start":{"line":10,"column":2},"end":{"line":12,"column":3}},"4":{"start":{"line":11,"column":4},"end":{"line":11,"column":41}},"5":{"start":{"line":15,"column":2},"end":{"line":15,"column":51}},"6":{"start":{"line":18,"column":0},"end":{"line":18,"column":30}}},"fnMap":{"0":{"name":"errorHandler","decl":{"start":{"line":4,"column":9},"end":{"line":4,"column":21}},"loc":{"start":{"line":4,"column":44},"end":{"line":16,"column":1}},"line":4}},"branchMap":{"0":{"loc":{"start":{"line":5,"column":17},"end":{"line":5,"column":52}},"type":"binary-expr","locations":[{"start":{"line":5,"column":17},"end":{"line":5,"column":27}},{"start":{"line":5,"column":31},"end":{"line":5,"column":45}},{"start":{"line":5,"column":49},"end":{"line":5,"column":52}}],"line":5},"1":{"loc":{"start":{"line":6,"column":17},"end":{"line":6,"column":45}},"type":"binary-expr","locations":[{"start":{"line":6,"column":17},"end":{"line":6,"column":25}},{"start":{"line":6,"column":31},"end":{"line":6,"column":45}}],"line":6},"2":{"loc":{"start":{"line":7,"column":17},"end":{"line":7,"column":63}},"type":"binary-expr","locations":[{"start":{"line":7,"column":17},"end":{"line":7,"column":28}},{"start":{"line":7,"column":32},"end":{"line":7,"column":63}}],"line":7},"3":{"loc":{"start":{"line":10,"column":2},"end":{"line":12,"column":3}},"type":"if","locations":[{"start":{"line":10,"column":2},"end":{"line":12,"column":3}},{"start":{},"end":{}}],"line":10}},"s":{"0":0,"1":0,"2":0,"3":0,"4":0,"5":0,"6":1},"f":{"0":0},"b":{"0":[0,0,0],"1":[0,0],"2":[0,0],"3":[0,0]},"_coverageSchema":"1a1c01bbd47fc00a2c39e90264f33305004495a9","hash":"5481ea2ca9d1f00b3c0ab54f6fd53bcbe91e00b5"}
,"/home/kali/PayPark/backend/src/routes/auth.js": {"path":"/home/kali/PayPark/backend/src/routes/auth.js","statementMap":{"0":{"start":{"line":9,"column":25},"end":{"line":9,"column":43}},"1":{"start":{"line":10,"column":25},"end":{"line":10,"column":44}},"2":{"start":{"line":11,"column":25},"end":{"line":11,"column":39}},"3":{"start":{"line":12,"column":25},"end":{"line":12,"column":45}},"4":{"start":{"line":13,"column":25},"end":{"line":13,"column":49}},"5":{"start":{"line":14,"column":25},"end":{"line":14,"column":46}},"6":{"start":{"line":15,"column":25},"end":{"line":15,"column":48}},"7":{"start":{"line":16,"column":25},"end":{"line":16,"column":54}},"8":{"start":{"line":18,"column":15},"end":{"line":18,"column":23}},"9":{"start":{"line":26,"column":2},"end":{"line":37,"column":4}},"10":{"start":{"line":42,"column":20},"end":{"line":45,"column":2}},"11":{"start":{"line":47,"column":0},"end":{"line":142,"column":3}},"12":{"start":{"line":48,"column":2},"end":{"line":141,"column":3}},"13":{"start":{"line":49,"column":19},"end":{"line":49,"column":50}},"14":{"start":{"line":50,"column":4},"end":{"line":55,"column":5}},"15":{"start":{"line":51,"column":6},"end":{"line":54,"column":9}},"16":{"start":{"line":57,"column":50},"end":{"line":57,"column":61}},"17":{"start":{"line":60,"column":20},"end":{"line":63,"column":6}},"18":{"start":{"line":65,"column":4},"end":{"line":74,"column":5}},"19":{"start":{"line":66,"column":6},"end":{"line":69,"column":9}},"20":{"start":{"line":70,"column":6},"end":{"line":73,"column":9}},"21":{"start":{"line":77,"column":4},"end":{"line":88,"column":5}},"22":{"start":{"line":78,"column":6},"end":{"line":81,"column":9}},"23":{"start":{"line":82,"column":24},"end":{"line":82,"column":78}},"24":{"start":{"line":83,"column":6},"end":{"line":87,"column":9}},"25":{"start":{"line":91,"column":23},"end":{"line":91,"column":75}},"26":{"start":{"line":92,"column":4},"end":{"line":114,"column":5}},"27":{"start":{"line":93,"column":26},"end":{"line":93,"column":57}},"28":{"start":{"line":94,"column":26},"end":{"line":94,"column":67}},"29":{"start":{"line":95,"column":6},"end":{"line":103,"column":9}},"30":{"start":{"line":104,"column":6},"end":{"line":107,"column":9}},"31":{"start":{"line":108,"column":27},"end":{"line":108,"column":80}},"32":{"start":{"line":109,"column":6},"end":{"line":113,"column":9}},"33":{"start":{"line":117,"column":4},"end":{"line":124,"column":7}},"34":{"start":{"line":126,"column":31},"end":{"line":126,"column":57}},"35":{"start":{"line":127,"column":31},"end":{"line":127,"column":58}},"36":{"start":{"line":129,"column":4},"end":{"line":132,"column":7}},"37":{"start":{"line":134,"column":4},"end":{"line":138,"column":7}},"38":{"start":{"line":140,"column":4},"end":{"line":140,"column":14}},"39":{"start":{"line":146,"column":0},"end":{"line":195,"column":3}},"40":{"start":{"line":147,"column":2},"end":{"line":194,"column":3}},"41":{"start":{"line":148,"column":24},"end":{"line":148,"column":32}},"42":{"start":{"line":149,"column":4},"end":{"line":154,"column":5}},"43":{"start":{"line":150,"column":6},"end":{"line":153,"column":9}},"44":{"start":{"line":158,"column":4},"end":{"line":165,"column":5}},"45":{"start":{"line":159,"column":6},"end":{"line":159,"column":39}},"46":{"start":{"line":161,"column":6},"end":{"line":164,"column":9}},"47":{"start":{"line":168,"column":4},"end":{"line":173,"column":5}},"48":{"start":{"line":169,"column":6},"end":{"line":172,"column":9}},"49":{"start":{"line":176,"column":4},"end":{"line":176,"column":53}},"50":{"start":{"line":178,"column":20},"end":{"line":180,"column":6}},"51":{"start":{"line":181,"column":4},"end":{"line":186,"column":5}},"52":{"start":{"line":182,"column":6},"end":{"line":185,"column":9}},"53":{"start":{"line":188,"column":32},"end":{"line":188,"column":58}},"54":{"start":{"line":189,"column":34},"end":{"line":189,"column":61}},"55":{"start":{"line":191,"column":4},"end":{"line":191,"column":53}},"56":{"start":{"line":193,"column":4},"end":{"line":193,"column":14}},"57":{"start":{"line":199,"column":0},"end":{"line":230,"column":3}},"58":{"start":{"line":200,"column":2},"end":{"line":229,"column":3}},"59":{"start":{"line":201,"column":24},"end":{"line":201,"column":32}},"60":{"start":{"line":202,"column":4},"end":{"line":207,"column":5}},"61":{"start":{"line":203,"column":6},"end":{"line":206,"column":9}},"62":{"start":{"line":210,"column":4},"end":{"line":215,"column":5}},"63":{"start":{"line":211,"column":6},"end":{"line":211,"column":39}},"64":{"start":{"line":214,"column":6},"end":{"line":214,"column":62}},"65":{"start":{"line":217,"column":4},"end":{"line":219,"column":5}},"66":{"start":{"line":218,"column":6},"end":{"line":218,"column":55}},"67":{"start":{"line":221,"column":4},"end":{"line":224,"column":7}},"68":{"start":{"line":226,"column":4},"end":{"line":226,"column":60}},"69":{"start":{"line":228,"column":4},"end":{"line":228,"column":14}},"70":{"start":{"line":234,"column":0},"end":{"line":236,"column":3}},"71":{"start":{"line":235,"column":2},"end":{"line":235,"column":40}},"72":{"start":{"line":238,"column":0},"end":{"line":238,"column":24}}},"fnMap":{"0":{"name":"officerProfile","decl":{"start":{"line":25,"column":9},"end":{"line":25,"column":23}},"loc":{"start":{"line":25,"column":27},"end":{"line":38,"column":1}},"line":25},"1":{"name":"(anonymous_1)","decl":{"start":{"line":47,"column":23},"end":{"line":47,"column":24}},"loc":{"start":{"line":47,"column":49},"end":{"line":142,"column":1}},"line":47},"2":{"name":"(anonymous_2)","decl":{"start":{"line":146,"column":25},"end":{"line":146,"column":26}},"loc":{"start":{"line":146,"column":51},"end":{"line":195,"column":1}},"line":146},"3":{"name":"(anonymous_3)","decl":{"start":{"line":199,"column":38},"end":{"line":199,"column":39}},"loc":{"start":{"line":199,"column":64},"end":{"line":230,"column":1}},"line":199},"4":{"name":"(anonymous_4)","decl":{"start":{"line":234,"column":33},"end":{"line":234,"column":34}},"loc":{"start":{"line":234,"column":47},"end":{"line":236,"column":1}},"line":234}},"branchMap":{"0":{"loc":{"start":{"line":33,"column":18},"end":{"line":33,"column":80}},"type":"cond-expr","locations":[{"start":{"line":33,"column":31},"end":{"line":33,"column":73}},{"start":{"line":33,"column":76},"end":{"line":33,"column":80}}],"line":33},"1":{"loc":{"start":{"line":50,"column":4},"end":{"line":55,"column":5}},"type":"if","locations":[{"start":{"line":50,"column":4},"end":{"line":55,"column":5}},{"start":{},"end":{}}],"line":50},"2":{"loc":{"start":{"line":65,"column":4},"end":{"line":74,"column":5}},"type":"if","locations":[{"start":{"line":65,"column":4},"end":{"line":74,"column":5}},{"start":{},"end":{}}],"line":65},"3":{"loc":{"start":{"line":77,"column":4},"end":{"line":88,"column":5}},"type":"if","locations":[{"start":{"line":77,"column":4},"end":{"line":88,"column":5}},{"start":{},"end":{}}],"line":77},"4":{"loc":{"start":{"line":77,"column":8},"end":{"line":77,"column":63}},"type":"binary-expr","locations":[{"start":{"line":77,"column":8},"end":{"line":77,"column":27}},{"start":{"line":77,"column":31},"end":{"line":77,"column":63}}],"line":77},"5":{"loc":{"start":{"line":92,"column":4},"end":{"line":114,"column":5}},"type":"if","locations":[{"start":{"line":92,"column":4},"end":{"line":114,"column":5}},{"start":{},"end":{}}],"line":92},"6":{"loc":{"start":{"line":92,"column":8},"end":{"line":92,"column":40}},"type":"binary-expr","locations":[{"start":{"line":92,"column":8},"end":{"line":92,"column":19}},{"start":{"line":92,"column":23},"end":{"line":92,"column":40}}],"line":92},"7":{"loc":{"start":{"line":99,"column":14},"end":{"line":101,"column":11}},"type":"binary-expr","locations":[{"start":{"line":99,"column":14},"end":{"line":99,"column":24}},{"start":{"line":99,"column":28},"end":{"line":101,"column":11}}],"line":99},"8":{"loc":{"start":{"line":149,"column":4},"end":{"line":154,"column":5}},"type":"if","locations":[{"start":{"line":149,"column":4},"end":{"line":154,"column":5}},{"start":{},"end":{}}],"line":149},"9":{"loc":{"start":{"line":168,"column":4},"end":{"line":173,"column":5}},"type":"if","locations":[{"start":{"line":168,"column":4},"end":{"line":173,"column":5}},{"start":{},"end":{}}],"line":168},"10":{"loc":{"start":{"line":181,"column":4},"end":{"line":186,"column":5}},"type":"if","locations":[{"start":{"line":181,"column":4},"end":{"line":186,"column":5}},{"start":{},"end":{}}],"line":181},"11":{"loc":{"start":{"line":181,"column":8},"end":{"line":181,"column":37}},"type":"binary-expr","locations":[{"start":{"line":181,"column":8},"end":{"line":181,"column":16}},{"start":{"line":181,"column":20},"end":{"line":181,"column":37}}],"line":181},"12":{"loc":{"start":{"line":202,"column":4},"end":{"line":207,"column":5}},"type":"if","locations":[{"start":{"line":202,"column":4},"end":{"line":207,"column":5}},{"start":{},"end":{}}],"line":202},"13":{"loc":{"start":{"line":217,"column":4},"end":{"line":219,"column":5}},"type":"if","locations":[{"start":{"line":217,"column":4},"end":{"line":219,"column":5}},{"start":{},"end":{}}],"line":217}},"s":{"0":1,"1":1,"2":1,"3":1,"4":1,"5":1,"6":1,"7":1,"8":1,"9":0,"10":1,"11":1,"12":0,"13":0,"14":0,"15":0,"16":0,"17":0,"18":0,"19":0,"20":0,"21":0,"22":0,"23":0,"24":0,"25":0,"26":0,"27":0,"28":0,"29":0,"30":0,"31":0,"32":0,"33":0,"34":0,"35":0,"36":0,"37":0,"38":0,"39":1,"40":0,"41":0,"42":0,"43":0,"44":0,"45":0,"46":0,"47":0,"48":0,"49":0,"50":0,"51":0,"52":0,"53":0,"54":0,"55":0,"56":0,"57":1,"58":0,"59":0,"60":0,"61":0,"62":0,"63":0,"64":0,"65":0,"66":0,"67":0,"68":0,"69":0,"70":1,"71":0,"72":1},"f":{"0":0,"1":0,"2":0,"3":0,"4":0},"b":{"0":[0,0],"1":[0,0],"2":[0,0],"3":[0,0],"4":[0,0],"5":[0,0],"6":[0,0],"7":[0,0],"8":[0,0],"9":[0,0],"10":[0,0],"11":[0,0],"12":[0,0],"13":[0,0]},"_coverageSchema":"1a1c01bbd47fc00a2c39e90264f33305004495a9","hash":"b39ef0425cea20bdee74e0032b13f655dd4da8ff"}
,"/home/kali/PayPark/backend/src/routes/billing.js": {"path":"/home/kali/PayPark/backend/src/routes/billing.js","statementMap":{"0":{"start":{"line":8,"column":25},"end":{"line":8,"column":43}},"1":{"start":{"line":9,"column":25},"end":{"line":9,"column":39}},"2":{"start":{"line":10,"column":25},"end":{"line":10,"column":49}},"3":{"start":{"line":11,"column":25},"end":{"line":11,"column":48}},"4":{"start":{"line":12,"column":25},"end":{"line":12,"column":54}},"5":{"start":{"line":13,"column":25},"end":{"line":13,"column":45}},"6":{"start":{"line":17,"column":4},"end":{"line":17,"column":35}},"7":{"start":{"line":19,"column":15},"end":{"line":19,"column":23}},"8":{"start":{"line":22,"column":0},"end":{"line":22,"column":25}},"9":{"start":{"line":26,"column":23},"end":{"line":29,"column":2}},"10":{"start":{"line":31,"column":0},"end":{"line":118,"column":3}},"11":{"start":{"line":32,"column":2},"end":{"line":117,"column":3}},"12":{"start":{"line":33,"column":19},"end":{"line":33,"column":53}},"13":{"start":{"line":34,"column":4},"end":{"line":39,"column":5}},"14":{"start":{"line":35,"column":6},"end":{"line":38,"column":9}},"15":{"start":{"line":41,"column":42},"end":{"line":41,"column":53}},"16":{"start":{"line":42,"column":18},"end":{"line":42,"column":70}},"17":{"start":{"line":45,"column":21},"end":{"line":45,"column":55}},"18":{"start":{"line":46,"column":4},"end":{"line":63,"column":5}},"19":{"start":{"line":47,"column":6},"end":{"line":52,"column":9}},"20":{"start":{"line":53,"column":6},"end":{"line":62,"column":9}},"21":{"start":{"line":66,"column":21},"end":{"line":68,"column":6}},"22":{"start":{"line":69,"column":4},"end":{"line":74,"column":5}},"23":{"start":{"line":70,"column":6},"end":{"line":73,"column":9}},"24":{"start":{"line":77,"column":20},"end":{"line":79,"column":6}},"25":{"start":{"line":82,"column":19},"end":{"line":89,"column":5}},"26":{"start":{"line":90,"column":22},"end":{"line":90,"column":90}},"27":{"start":{"line":93,"column":22},"end":{"line":93,"column":82}},"28":{"start":{"line":94,"column":17},"end":{"line":105,"column":6}},"29":{"start":{"line":107,"column":4},"end":{"line":112,"column":7}},"30":{"start":{"line":114,"column":4},"end":{"line":114,"column":38}},"31":{"start":{"line":116,"column":4},"end":{"line":116,"column":14}},"32":{"start":{"line":122,"column":0},"end":{"line":141,"column":3}},"33":{"start":{"line":123,"column":2},"end":{"line":140,"column":3}},"34":{"start":{"line":125,"column":23},"end":{"line":125,"column":33}},"35":{"start":{"line":126,"column":4},"end":{"line":126,"column":36}},"36":{"start":{"line":128,"column":18},"end":{"line":135,"column":6}},"37":{"start":{"line":137,"column":4},"end":{"line":137,"column":27}},"38":{"start":{"line":139,"column":4},"end":{"line":139,"column":14}},"39":{"start":{"line":145,"column":0},"end":{"line":168,"column":3}},"40":{"start":{"line":146,"column":2},"end":{"line":167,"column":3}},"41":{"start":{"line":147,"column":17},"end":{"line":150,"column":6}},"42":{"start":{"line":152,"column":4},"end":{"line":157,"column":5}},"43":{"start":{"line":153,"column":6},"end":{"line":156,"column":9}},"44":{"start":{"line":159,"column":29},"end":{"line":162,"column":5}},"45":{"start":{"line":164,"column":4},"end":{"line":164,"column":51}},"46":{"start":{"line":166,"column":4},"end":{"line":166,"column":14}},"47":{"start":{"line":170,"column":0},"end":{"line":170,"column":24}}},"fnMap":{"0":{"name":"(anonymous_0)","decl":{"start":{"line":31,"column":26},"end":{"line":31,"column":27}},"loc":{"start":{"line":31,"column":52},"end":{"line":118,"column":1}},"line":31},"1":{"name":"(anonymous_1)","decl":{"start":{"line":122,"column":24},"end":{"line":122,"column":25}},"loc":{"start":{"line":122,"column":50},"end":{"line":141,"column":1}},"line":122},"2":{"name":"(anonymous_2)","decl":{"start":{"line":145,"column":27},"end":{"line":145,"column":28}},"loc":{"start":{"line":145,"column":53},"end":{"line":168,"column":1}},"line":145}},"branchMap":{"0":{"loc":{"start":{"line":34,"column":4},"end":{"line":39,"column":5}},"type":"if","locations":[{"start":{"line":34,"column":4},"end":{"line":39,"column":5}},{"start":{},"end":{}}],"line":34},"1":{"loc":{"start":{"line":46,"column":4},"end":{"line":63,"column":5}},"type":"if","locations":[{"start":{"line":46,"column":4},"end":{"line":63,"column":5}},{"start":{},"end":{}}],"line":46},"2":{"loc":{"start":{"line":59,"column":26},"end":{"line":59,"column":60}},"type":"binary-expr","locations":[{"start":{"line":59,"column":26},"end":{"line":59,"column":52}},{"start":{"line":59,"column":56},"end":{"line":59,"column":60}}],"line":59},"3":{"loc":{"start":{"line":60,"column":26},"end":{"line":60,"column":59}},"type":"binary-expr","locations":[{"start":{"line":60,"column":26},"end":{"line":60,"column":49}},{"start":{"line":60,"column":55},"end":{"line":60,"column":59}}],"line":60},"4":{"loc":{"start":{"line":69,"column":4},"end":{"line":74,"column":5}},"type":"if","locations":[{"start":{"line":69,"column":4},"end":{"line":74,"column":5}},{"start":{},"end":{}}],"line":69},"5":{"loc":{"start":{"line":69,"column":8},"end":{"line":69,"column":39}},"type":"binary-expr","locations":[{"start":{"line":69,"column":8},"end":{"line":69,"column":17}},{"start":{"line":69,"column":21},"end":{"line":69,"column":39}}],"line":69},"6":{"loc":{"start":{"line":90,"column":22},"end":{"line":90,"column":90}},"type":"binary-expr","locations":[{"start":{"line":90,"column":22},"end":{"line":90,"column":64}},{"start":{"line":90,"column":68},"end":{"line":90,"column":90}}],"line":90},"7":{"loc":{"start":{"line":90,"column":29},"end":{"line":90,"column":63}},"type":"binary-expr","locations":[{"start":{"line":90,"column":29},"end":{"line":90,"column":46}},{"start":{"line":90,"column":50},"end":{"line":90,"column":63}}],"line":90},"8":{"loc":{"start":{"line":98,"column":23},"end":{"line":98,"column":42}},"type":"binary-expr","locations":[{"start":{"line":98,"column":23},"end":{"line":98,"column":34}},{"start":{"line":98,"column":38},"end":{"line":98,"column":42}}],"line":98},"9":{"loc":{"start":{"line":152,"column":4},"end":{"line":157,"column":5}},"type":"if","locations":[{"start":{"line":152,"column":4},"end":{"line":157,"column":5}},{"start":{},"end":{}}],"line":152}},"s":{"0":1,"1":1,"2":1,"3":1,"4":1,"5":1,"6":1,"7":1,"8":1,"9":1,"10":1,"11":0,"12":0,"13":0,"14":0,"15":0,"16":0,"17":0,"18":0,"19":0,"20":0,"21":0,"22":0,"23":0,"24":0,"25":0,"26":0,"27":0,"28":0,"29":0,"30":0,"31":0,"32":1,"33":0,"34":0,"35":0,"36":0,"37":0,"38":0,"39":1,"40":0,"41":0,"42":0,"43":0,"44":0,"45":0,"46":0,"47":1},"f":{"0":0,"1":0,"2":0},"b":{"0":[0,0],"1":[0,0],"2":[0,0],"3":[0,0],"4":[0,0],"5":[0,0],"6":[0,0],"7":[0,0],"8":[0,0],"9":[0,0]},"_coverageSchema":"1a1c01bbd47fc00a2c39e90264f33305004495a9","hash":"5becde3e90f3fa211734244246055d4de62d8642"}
,"/home/kali/PayPark/backend/src/routes/health.js": {"path":"/home/kali/PayPark/backend/src/routes/health.js","statementMap":{"0":{"start":{"line":4,"column":19},"end":{"line":4,"column":37}},"1":{"start":{"line":5,"column":19},"end":{"line":5,"column":43}},"2":{"start":{"line":7,"column":15},"end":{"line":7,"column":23}},"3":{"start":{"line":9,"column":0},"end":{"line":29,"column":3}},"4":{"start":{"line":11,"column":17},"end":{"line":11,"column":21}},"5":{"start":{"line":12,"column":2},"end":{"line":16,"column":3}},"6":{"start":{"line":13,"column":4},"end":{"line":13,"column":37}},"7":{"start":{"line":15,"column":4},"end":{"line":15,"column":23}},"8":{"start":{"line":18,"column":17},"end":{"line":18,"column":54}},"9":{"start":{"line":19,"column":17},"end":{"line":19,"column":44}},"10":{"start":{"line":21,"column":2},"end":{"line":28,"column":5}},"11":{"start":{"line":31,"column":0},"end":{"line":31,"column":24}}},"fnMap":{"0":{"name":"(anonymous_0)","decl":{"start":{"line":9,"column":16},"end":{"line":9,"column":17}},"loc":{"start":{"line":9,"column":37},"end":{"line":29,"column":1}},"line":9}},"branchMap":{"0":{"loc":{"start":{"line":18,"column":17},"end":{"line":18,"column":54}},"type":"cond-expr","locations":[{"start":{"line":18,"column":37},"end":{"line":18,"column":41}},{"start":{"line":18,"column":44},"end":{"line":18,"column":54}}],"line":18},"1":{"loc":{"start":{"line":19,"column":17},"end":{"line":19,"column":44}},"type":"cond-expr","locations":[{"start":{"line":19,"column":35},"end":{"line":19,"column":38}},{"start":{"line":19,"column":41},"end":{"line":19,"column":44}}],"line":19},"2":{"loc":{"start":{"line":25,"column":17},"end":{"line":25,"column":54}},"type":"binary-expr","locations":[{"start":{"line":25,"column":17},"end":{"line":25,"column":37}},{"start":{"line":25,"column":41},"end":{"line":25,"column":54}}],"line":25}},"s":{"0":1,"1":1,"2":1,"3":1,"4":0,"5":0,"6":0,"7":0,"8":0,"9":0,"10":0,"11":1},"f":{"0":0},"b":{"0":[0,0],"1":[0,0],"2":[0,0]},"_coverageSchema":"1a1c01bbd47fc00a2c39e90264f33305004495a9","hash":"1130d77975ee6fa9c81680b1149fc1b9b38cb68a"}
,"/home/kali/PayPark/backend/src/routes/vehicles.js": {"path":"/home/kali/PayPark/backend/src/routes/vehicles.js","statementMap":{"0":{"start":{"line":7,"column":25},"end":{"line":7,"column":43}},"1":{"start":{"line":8,"column":25},"end":{"line":8,"column":49}},"2":{"start":{"line":9,"column":25},"end":{"line":9,"column":48}},"3":{"start":{"line":10,"column":25},"end":{"line":10,"column":54}},"4":{"start":{"line":12,"column":15},"end":{"line":12,"column":23}},"5":{"start":{"line":15,"column":0},"end":{"line":15,"column":25}},"6":{"start":{"line":19,"column":0},"end":{"line":57,"column":3}},"7":{"start":{"line":20,"column":2},"end":{"line":56,"column":3}},"8":{"start":{"line":21,"column":18},"end":{"line":21,"column":39}},"9":{"start":{"line":22,"column":18},"end":{"line":22,"column":61}},"10":{"start":{"line":24,"column":4},"end":{"line":29,"column":5}},"11":{"start":{"line":25,"column":6},"end":{"line":28,"column":9}},"12":{"start":{"line":31,"column":20},"end":{"line":33,"column":6}},"13":{"start":{"line":35,"column":4},"end":{"line":45,"column":5}},"14":{"start":{"line":36,"column":6},"end":{"line":40,"column":9}},"15":{"start":{"line":41,"column":6},"end":{"line":44,"column":9}},"16":{"start":{"line":47,"column":4},"end":{"line":51,"column":7}},"17":{"start":{"line":53,"column":4},"end":{"line":53,"column":29}},"18":{"start":{"line":55,"column":4},"end":{"line":55,"column":14}},"19":{"start":{"line":61,"column":0},"end":{"line":71,"column":3}},"20":{"start":{"line":62,"column":2},"end":{"line":70,"column":3}},"21":{"start":{"line":63,"column":22},"end":{"line":66,"column":6}},"22":{"start":{"line":67,"column":4},"end":{"line":67,"column":31}},"23":{"start":{"line":69,"column":4},"end":{"line":69,"column":14}},"24":{"start":{"line":73,"column":0},"end":{"line":73,"column":24}}},"fnMap":{"0":{"name":"(anonymous_0)","decl":{"start":{"line":19,"column":23},"end":{"line":19,"column":24}},"loc":{"start":{"line":19,"column":49},"end":{"line":57,"column":1}},"line":19},"1":{"name":"(anonymous_1)","decl":{"start":{"line":61,"column":26},"end":{"line":61,"column":27}},"loc":{"start":{"line":61,"column":53},"end":{"line":71,"column":1}},"line":61}},"branchMap":{"0":{"loc":{"start":{"line":21,"column":18},"end":{"line":21,"column":39}},"type":"binary-expr","locations":[{"start":{"line":21,"column":18},"end":{"line":21,"column":33}},{"start":{"line":21,"column":37},"end":{"line":21,"column":39}}],"line":21},"1":{"loc":{"start":{"line":24,"column":4},"end":{"line":29,"column":5}},"type":"if","locations":[{"start":{"line":24,"column":4},"end":{"line":29,"column":5}},{"start":{},"end":{}}],"line":24},"2":{"loc":{"start":{"line":35,"column":4},"end":{"line":45,"column":5}},"type":"if","locations":[{"start":{"line":35,"column":4},"end":{"line":45,"column":5}},{"start":{},"end":{}}],"line":35}},"s":{"0":1,"1":1,"2":1,"3":1,"4":1,"5":1,"6":1,"7":0,"8":0,"9":0,"10":0,"11":0,"12":0,"13":0,"14":0,"15":0,"16":0,"17":0,"18":0,"19":1,"20":0,"21":0,"22":0,"23":0,"24":1},"f":{"0":0,"1":0},"b":{"0":[0,0],"1":[0,0],"2":[0,0]},"_coverageSchema":"1a1c01bbd47fc00a2c39e90264f33305004495a9","hash":"0c6d9a511251f8494eca7a4774fd5a49148e1dea"}
}
