TN:
SF:src/app.js
FN:45,(anonymous_0)
FNF:1
FNH:0
FNDA:0,(anonymous_0)
DA:4,1
DA:5,1
DA:6,1
DA:7,1
DA:8,1
DA:9,1
DA:11,1
DA:14,1
DA:15,1
DA:16,1
DA:17,1
DA:21,1
DA:24,1
DA:39,1
DA:40,1
DA:41,1
DA:42,1
DA:45,1
DA:46,0
DA:50,1
DA:52,1
LF:21
LH:20
BRDA:21,0,0,0
BRDA:21,0,1,1
BRF:2
BRH:1
end_of_record
TN:
SF:src/server.js
FN:7,start
FN:12,(anonymous_1)
FN:17,(anonymous_2)
FN:19,(anonymous_3)
FN:26,(anonymous_4)
FN:27,(anonymous_5)
FN:30,(anonymous_6)
FNF:7
FNH:0
FNDA:0,start
FNDA:0,(anonymous_1)
FNDA:0,(anonymous_2)
FNDA:0,(anonymous_3)
FNDA:0,(anonymous_4)
FNDA:0,(anonymous_5)
FNDA:0,(anonymous_6)
DA:3,0
DA:4,0
DA:5,0
DA:9,0
DA:10,0
DA:12,0
DA:13,0
DA:17,0
DA:18,0
DA:19,0
DA:20,0
DA:21,0
DA:22,0
DA:26,0
DA:27,0
DA:30,0
DA:31,0
DA:32,0
LF:18
LH:0
BRF:0
BRH:0
end_of_record
TN:
SF:src/config/index.js
FN:7,required
FN:44,(anonymous_1)
FNF:2
FNH:1
FNDA:0,required
FNDA:3,(anonymous_1)
DA:5,1
DA:8,0
DA:9,0
DA:10,0
DA:12,0
DA:15,1
DA:44,3
DA:86,1
DA:87,0
DA:88,0
DA:89,0
DA:90,0
DA:91,0
DA:94,1
LF:14
LH:5
BRDA:9,0,0,0
BRDA:9,0,1,0
BRDA:9,1,0,0
BRDA:9,1,1,0
BRDA:12,2,0,0
BRDA:12,2,1,0
BRDA:17,3,0,1
BRDA:17,3,1,0
BRDA:18,4,0,1
BRDA:18,4,1,1
BRDA:22,5,0,1
BRDA:22,5,1,0
BRDA:28,6,0,1
BRDA:28,6,1,0
BRDA:28,6,2,0
BRDA:33,7,0,1
BRDA:33,7,1,1
BRDA:34,8,0,1
BRDA:34,8,1,0
BRDA:36,9,0,1
BRDA:36,9,1,1
BRDA:37,10,0,1
BRDA:37,10,1,0
BRDA:42,11,0,1
BRDA:42,11,1,0
BRDA:51,12,0,1
BRDA:51,12,1,0
BRDA:51,12,2,0
BRDA:56,13,0,1
BRDA:56,13,1,0
BRDA:61,14,0,1
BRDA:61,14,1,0
BRDA:65,15,0,1
BRDA:65,15,1,0
BRDA:69,16,0,1
BRDA:69,16,1,0
BRDA:70,17,0,1
BRDA:70,17,1,0
BRDA:71,18,0,1
BRDA:71,18,1,0
BRDA:77,19,0,1
BRDA:77,19,1,0
BRDA:78,20,0,1
BRDA:78,20,1,0
BRDA:82,21,0,1
BRDA:82,21,1,0
BRDA:86,22,0,0
BRDA:86,22,1,1
BRF:48
BRH:23
end_of_record
TN:
SF:src/lib/audit.js
FN:30,logAction
FNF:1
FNH:0
FNDA:0,logAction
DA:5,1
DA:7,1
DA:31,0
DA:33,0
DA:34,0
DA:35,0
DA:36,0
DA:37,0
DA:38,0
DA:41,0
DA:42,0
DA:59,1
DA:61,1
LF:13
LH:4
BRDA:30,0,0,0
BRDA:31,1,0,0
BRDA:31,2,0,0
BRDA:31,3,0,0
BRDA:31,4,0,0
BRDA:35,5,0,0
BRDA:35,5,1,0
BRDA:37,6,0,0
BRDA:37,6,1,0
BRDA:37,7,0,0
BRDA:37,7,1,0
BRDA:38,8,0,0
BRDA:38,8,1,0
BRDA:44,9,0,0
BRDA:44,9,1,0
BRF:15
BRH:0
end_of_record
TN:
SF:src/lib/controlNumber.js
FN:14,generateControlNumber
FN:19,(anonymous_1)
FN:36,getActiveBillForPlate
FNF:3
FNH:0
FNDA:0,generateControlNumber
FNDA:0,(anonymous_1)
FNDA:0,getActiveBillForPlate
DA:2,1
DA:15,0
DA:16,0
DA:17,0
DA:19,0
DA:21,0
DA:37,0
DA:50,1
LF:8
LH:2
BRF:0
BRH:0
end_of_record
TN:
SF:src/lib/jwt.js
FN:15,signAccess
FN:33,signRefresh
FN:48,verify
FN:57,blacklist
FN:68,isBlacklisted
FNF:5
FNH:0
FNDA:0,signAccess
FNDA:0,signRefresh
FNDA:0,verify
FNDA:0,blacklist
FNDA:0,isBlacklisted
DA:5,1
DA:6,1
DA:7,1
DA:8,1
DA:16,0
DA:34,0
DA:35,0
DA:40,0
DA:49,0
DA:58,0
DA:69,0
DA:70,0
DA:73,1
LF:13
LH:5
BRF:0
BRH:0
end_of_record
TN:
SF:src/lib/prisma.js
FNF:0
FNH:0
DA:4,1
DA:6,1
DA:12,1
LF:3
LH:3
BRDA:7,0,0,0
BRDA:7,0,1,1
BRF:2
BRH:1
end_of_record
TN:
SF:src/middleware/auth.js
FN:11,authenticate
FN:46,requireRole
FN:47,(anonymous_2)
FNF:3
FNH:1
FNDA:0,authenticate
FNDA:2,requireRole
FNDA:0,(anonymous_2)
DA:2,1
DA:3,1
DA:12,0
DA:13,0
DA:15,0
DA:16,0
DA:19,0
DA:20,0
DA:22,0
DA:27,0
DA:28,0
DA:31,0
DA:32,0
DA:34,0
DA:47,2
DA:48,0
DA:49,0
DA:51,0
DA:55,1
DA:56,1
DA:58,1
LF:21
LH:6
BRDA:12,0,0,0
BRDA:12,0,1,0
BRDA:13,1,0,0
BRDA:13,1,1,0
BRDA:15,2,0,0
BRDA:15,2,1,0
BRDA:27,3,0,0
BRDA:27,3,1,0
BRDA:27,4,0,0
BRDA:27,4,1,0
BRDA:48,5,0,0
BRDA:48,5,1,0
BRDA:48,6,0,0
BRDA:48,6,1,0
BRF:14
BRH:0
end_of_record
TN:
SF:src/middleware/errorHandler.js
FN:4,errorHandler
FNF:1
FNH:0
FNDA:0,errorHandler
DA:5,0
DA:6,0
DA:7,0
DA:10,0
DA:11,0
DA:15,0
DA:18,1
LF:7
LH:1
BRDA:5,0,0,0
BRDA:5,0,1,0
BRDA:5,0,2,0
BRDA:6,1,0,0
BRDA:6,1,1,0
BRDA:7,2,0,0
BRDA:7,2,1,0
BRDA:10,3,0,0
BRDA:10,3,1,0
BRF:9
BRH:0
end_of_record
TN:
SF:src/routes/auth.js
FN:25,officerProfile
FN:47,(anonymous_1)
FN:146,(anonymous_2)
FN:199,(anonymous_3)
FN:234,(anonymous_4)
FNF:5
FNH:0
FNDA:0,officerProfile
FNDA:0,(anonymous_1)
FNDA:0,(anonymous_2)
FNDA:0,(anonymous_3)
FNDA:0,(anonymous_4)
DA:9,1
DA:10,1
DA:11,1
DA:12,1
DA:13,1
DA:14,1
DA:15,1
DA:16,1
DA:18,1
DA:26,0
DA:42,1
DA:47,1
DA:48,0
DA:49,0
DA:50,0
DA:51,0
DA:57,0
DA:60,0
DA:65,0
DA:66,0
DA:70,0
DA:77,0
DA:78,0
DA:82,0
DA:83,0
DA:91,0
DA:92,0
DA:93,0
DA:94,0
DA:95,0
DA:104,0
DA:108,0
DA:109,0
DA:117,0
DA:126,0
DA:127,0
DA:129,0
DA:134,0
DA:140,0
DA:146,1
DA:147,0
DA:148,0
DA:149,0
DA:150,0
DA:158,0
DA:159,0
DA:161,0
DA:168,0
DA:169,0
DA:176,0
DA:178,0
DA:181,0
DA:182,0
DA:188,0
DA:189,0
DA:191,0
DA:193,0
DA:199,1
DA:200,0
DA:201,0
DA:202,0
DA:203,0
DA:210,0
DA:211,0
DA:214,0
DA:217,0
DA:218,0
DA:221,0
DA:226,0
DA:228,0
DA:234,1
DA:235,0
DA:238,1
LF:73
LH:15
BRDA:33,0,0,0
BRDA:33,0,1,0
BRDA:50,1,0,0
BRDA:50,1,1,0
BRDA:65,2,0,0
BRDA:65,2,1,0
BRDA:77,3,0,0
BRDA:77,3,1,0
BRDA:77,4,0,0
BRDA:77,4,1,0
BRDA:92,5,0,0
BRDA:92,5,1,0
BRDA:92,6,0,0
BRDA:92,6,1,0
BRDA:99,7,0,0
BRDA:99,7,1,0
BRDA:149,8,0,0
BRDA:149,8,1,0
BRDA:168,9,0,0
BRDA:168,9,1,0
BRDA:181,10,0,0
BRDA:181,10,1,0
BRDA:181,11,0,0
BRDA:181,11,1,0
BRDA:202,12,0,0
BRDA:202,12,1,0
BRDA:217,13,0,0
BRDA:217,13,1,0
BRF:28
BRH:0
end_of_record
TN:
SF:src/routes/billing.js
FN:31,(anonymous_0)
FN:122,(anonymous_1)
FN:145,(anonymous_2)
FNF:3
FNH:0
FNDA:0,(anonymous_0)
FNDA:0,(anonymous_1)
FNDA:0,(anonymous_2)
DA:8,1
DA:9,1
DA:10,1
DA:11,1
DA:12,1
DA:13,1
DA:17,1
DA:19,1
DA:22,1
DA:26,1
DA:31,1
DA:32,0
DA:33,0
DA:34,0
DA:35,0
DA:41,0
DA:42,0
DA:45,0
DA:46,0
DA:47,0
DA:53,0
DA:66,0
DA:69,0
DA:70,0
DA:77,0
DA:82,0
DA:90,0
DA:93,0
DA:94,0
DA:107,0
DA:114,0
DA:116,0
DA:122,1
DA:123,0
DA:125,0
DA:126,0
DA:128,0
DA:137,0
DA:139,0
DA:145,1
DA:146,0
DA:147,0
DA:152,0
DA:153,0
DA:159,0
DA:164,0
DA:166,0
DA:170,1
LF:48
LH:14
BRDA:34,0,0,0
BRDA:34,0,1,0
BRDA:46,1,0,0
BRDA:46,1,1,0
BRDA:59,2,0,0
BRDA:59,2,1,0
BRDA:60,3,0,0
BRDA:60,3,1,0
BRDA:69,4,0,0
BRDA:69,4,1,0
BRDA:69,5,0,0
BRDA:69,5,1,0
BRDA:90,6,0,0
BRDA:90,6,1,0
BRDA:90,7,0,0
BRDA:90,7,1,0
BRDA:98,8,0,0
BRDA:98,8,1,0
BRDA:152,9,0,0
BRDA:152,9,1,0
BRF:20
BRH:0
end_of_record
TN:
SF:src/routes/health.js
FN:9,(anonymous_0)
FNF:1
FNH:0
FNDA:0,(anonymous_0)
DA:4,1
DA:5,1
DA:7,1
DA:9,1
DA:11,0
DA:12,0
DA:13,0
DA:15,0
DA:18,0
DA:19,0
DA:21,0
DA:31,1
LF:12
LH:5
BRDA:18,0,0,0
BRDA:18,0,1,0
BRDA:19,1,0,0
BRDA:19,1,1,0
BRDA:25,2,0,0
BRDA:25,2,1,0
BRF:6
BRH:0
end_of_record
TN:
SF:src/routes/vehicles.js
FN:19,(anonymous_0)
FN:61,(anonymous_1)
FNF:2
FNH:0
FNDA:0,(anonymous_0)
FNDA:0,(anonymous_1)
DA:7,1
DA:8,1
DA:9,1
DA:10,1
DA:12,1
DA:15,1
DA:19,1
DA:20,0
DA:21,0
DA:22,0
DA:24,0
DA:25,0
DA:31,0
DA:35,0
DA:36,0
DA:41,0
DA:47,0
DA:53,0
DA:55,0
DA:61,1
DA:62,0
DA:63,0
DA:67,0
DA:69,0
DA:73,1
LF:25
LH:9
BRDA:21,0,0,0
BRDA:21,0,1,0
BRDA:24,1,0,0
BRDA:24,1,1,0
BRDA:35,2,0,0
BRDA:35,2,1,0
BRF:6
BRH:0
end_of_record
